{
  "RSpec": {
    "coverage": {
      "/home/alfar/Desktop/amazon-store/app/controllers/application_controller.rb": [
        1,
        1,
        null,
        null,
        1,
        1,
        1,
        1,
        1,
        null,
        1,
        1,
        null,
        null,
        1,
        644,
        619,
        619,
        2,
        2,
        null,
        null,
        25,
        25,
        null,
        644,
        null,
        null,
        1,
        1,
        115,
        67,
        null,
        48,
        null,
        null,
        null,
        1,
        17,
        null,
        null,
        1,
        580,
        null,
        null,
        null
      ],
      "/home/alfar/Desktop/amazon-store/app/controllers/books_controller.rb": [
        1,
        1,
        null,
        1,
        10,
        10,
        null,
        null,
        1,
        5,
        5,
        null,
        null
      ],
      "/home/alfar/Desktop/amazon-store/app/controllers/categories_controller.rb": [
        1,
        1,
        null,
        1,
        4,
        null,
        null,
        1,
        4,
        null,
        null
      ],
      "/home/alfar/Desktop/amazon-store/app/controllers/checkout_controller.rb": [
        1,
        1,
        1,
        null,
        1,
        null,
        1,
        33,
        33,
        null,
        null,
        1,
        17,
        17,
        13,
        13,
        null,
        4,
        4,
        null,
        null,
        null,
        1,
        1,
        17,
        null,
        null,
        1,
        1,
        1,
        1,
        null,
        null,
        1,
        4,
        null,
        1,
        1,
        1,
        0,
        0,
        0,
        0,
        0,
        0,
        null,
        null,
        null,
        null
      ],
      "/home/alfar/Desktop/amazon-store/app/forms/checkout.rb": [
        1,
        1,
        null,
        1,
        null,
        1,
        32,
        null,
        null,
        1,
        2,
        null,
        null,
        1,
        null,
        1,
        1,
        1,
        null,
        1,
        1,
        1,
        1,
        1,
        1,
        1,
        1,
        null,
        1,
        1,
        1,
        1,
        1,
        1,
        1,
        null,
        1,
        null,
        1,
        1,
        1,
        1,
        null,
        30,
        30,
        59,
        30,
        30,
        30,
        null,
        1,
        59,
        59,
        59,
        59,
        null,
        59,
        null,
        null,
        null,
        null,
        null,
        null,
        null,
        null,
        1,
        17,
        17,
        12,
        8,
        null,
        2,
        null,
        2,
        null,
        12,
        null,
        5,
        null,
        null,
        null,
        1,
        8,
        8,
        8,
        null,
        0,
        null,
        null,
        null,
        1,
        1,
        8,
        null,
        null,
        8,
        null,
        8,
        5,
        null,
        null,
        null,
        3,
        null,
        null,
        null,
        8,
        null,
        null,
        1,
        2,
        2,
        2,
        null,
        null,
        1,
        2,
        2,
        2,
        2,
        null,
        null,
        1,
        174,
        168,
        null,
        null
      ],
      "/home/alfar/Desktop/amazon-store/app/controllers/customers_controller.rb": [
        1,
        1,
        0,
        null,
        null,
        1,
        0,
        0,
        null,
        0,
        null,
        0,
        0,
        null,
        0,
        null,
        0,
        0,
        null,
        null,
        1,
        1,
        0,
        null,
        null,
        1,
        0,
        null,
        null,
        1,
        0,
        null,
        null,
        1,
        0,
        0,
        null,
        0,
        null,
        null,
        null
      ],
      "/home/alfar/Desktop/amazon-store/app/controllers/orderitems_controller.rb": [
        1,
        1,
        1,
        null,
        1,
        12,
        null,
        null,
        1,
        1,
        1,
        null,
        0,
        null,
        null,
        null,
        1,
        2,
        2,
        null,
        0,
        null,
        2,
        null,
        null,
        1,
        1,
        1,
        1,
        1,
        null,
        0,
        0,
        null,
        null,
        null,
        1,
        1,
        0,
        null,
        null,
        1,
        1,
        null,
        null,
        1,
        2,
        null,
        null
      ],
      "/home/alfar/Desktop/amazon-store/app/controllers/orders_controller.rb": [
        1,
        1,
        1,
        null,
        1,
        0,
        0,
        0,
        0,
        null,
        null,
        1,
        5,
        null,
        null,
        1,
        0,
        null,
        null,
        1,
        0,
        0,
        0,
        null,
        0,
        null,
        null,
        null,
        1,
        3,
        2,
        1,
        1,
        1,
        null,
        1,
        null,
        null,
        1,
        null,
        3,
        null,
        null,
        1,
        1,
        1,
        null,
        null
      ],
      "/home/alfar/Desktop/amazon-store/app/controllers/ratings_controller.rb": [
        1,
        1,
        1,
        null,
        1,
        null,
        null,
        1,
        0,
        0,
        0,
        null,
        0,
        0,
        null,
        null,
        null,
        1,
        1,
        0,
        null,
        null
      ],
      "/home/alfar/Desktop/amazon-store/app/models/address.rb": [
        1,
        1,
        1,
        null
      ],
      "/home/alfar/Desktop/amazon-store/app/models/author.rb": [
        1,
        1,
        null,
        1,
        null
      ],
      "/home/alfar/Desktop/amazon-store/app/models/book.rb": [
        1,
        1,
        1,
        null,
        1,
        1,
        1,
        1,
        null,
        1,
        null,
        1,
        12,
        null,
        null,
        1,
        1,
        61,
        null,
        null
      ],
      "/home/alfar/Desktop/amazon-store/app/uploaders/image_uploader.rb": [
        null,
        1,
        1,
        null,
        null,
        null,
        1,
        null,
        null,
        1,
        null,
        null,
        null,
        null,
        1,
        120,
        null,
        null,
        1,
        0,
        null,
        null,
        null,
        1,
        null,
        null,
        null,
        33,
        null,
        null,
        null,
        null,
        null,
        null,
        null,
        1,
        null,
        1,
        1,
        null,
        null,
        null,
        null,
        null,
        null,
        null,
        null,
        null,
        null,
        null,
        null,
        null,
        1,
        1,
        0,
        0,
        null,
        null
      ],
      "/home/alfar/Desktop/amazon-store/app/models/category.rb": [
        1,
        1,
        1,
        null,
        1,
        null
      ],
      "/home/alfar/Desktop/amazon-store/app/models/country.rb": [
        1,
        null
      ],
      "/home/alfar/Desktop/amazon-store/app/models/credit_card.rb": [
        1,
        1,
        null,
        1,
        1,
        null
      ],
      "/home/alfar/Desktop/amazon-store/app/models/discount.rb": [
        1,
        1,
        null
      ],
      "/home/alfar/Desktop/amazon-store/app/models/order.rb": [
        1,
        1,
        1,
        1,
        1,
        1,
        1,
        null,
        1,
        null,
        1,
        1,
        1,
        1,
        1,
        1,
        null,
        1,
        1,
        null,
        null,
        1,
        1,
        null,
        null,
        1,
        1,
        null,
        null,
        1,
        0,
        null,
        null,
        null,
        1,
        43,
        43,
        2,
        2,
        null,
        41,
        null,
        43,
        null,
        null,
        1,
        2,
        2,
        null,
        null,
        1,
        35,
        null,
        null,
        1,
        27,
        2,
        null,
        25,
        25,
        null,
        27,
        27,
        null,
        null,
        1,
        5,
        4,
        4,
        4,
        null,
        5,
        4,
        4,
        4,
        null,
        5,
        5,
        null,
        null,
        1,
        96,
        null,
        null,
        1,
        147,
        null,
        null
      ],
      "/home/alfar/Desktop/amazon-store/app/models/orderitem.rb": [
        1,
        1,
        1,
        null,
        1,
        1,
        null,
        1,
        1,
        1,
        null,
        1,
        91,
        3,
        null,
        88,
        null,
        null,
        null,
        1,
        45,
        null,
        null,
        1,
        1,
        null,
        null,
        null,
        1,
        1,
        44,
        44,
        null,
        null,
        1,
        42,
        null,
        null
      ],
      "/home/alfar/Desktop/amazon-store/app/models/rating.rb": [
        1,
        1,
        1,
        1,
        null,
        1,
        null,
        1,
        1,
        1,
        null,
        1,
        1,
        null,
        null,
        null,
        1,
        3,
        1,
        2,
        1,
        null,
        1,
        null,
        null,
        null,
        1,
        1,
        1,
        null,
        null
      ],
      "/home/alfar/Desktop/amazon-store/app/models/ability.rb": [
        1,
        1,
        null,
        1,
        90,
        23,
        23,
        23,
        23,
        23,
        67,
        17,
        17,
        17,
        17,
        1,
        null,
        17,
        null,
        50,
        50,
        50,
        null,
        null,
        null,
        null,
        null,
        null,
        null,
        null,
        null,
        null,
        null,
        null,
        null,
        null,
        null,
        null,
        null,
        null,
        null,
        null,
        null,
        null,
        null,
        null,
        null,
        null,
        null,
        null,
        null,
        null
      ],
      "/home/alfar/Desktop/amazon-store/app/models/billing_address.rb": [
        1,
        null,
        null
      ],
      "/home/alfar/Desktop/amazon-store/app/models/shipping_address.rb": [
        1,
        null,
        null
      ],
      "/home/alfar/Desktop/amazon-store/app/controllers/sessions_controller.rb": [
        1,
        null,
        1,
        null,
        null,
        1,
        6,
        null,
        null,
        null,
        1,
        4,
        null,
        null,
        null,
        1,
        0,
        null,
        null,
        1,
        1,
        3,
        null,
        null,
        null,
        null,
        null,
        null
      ],
      "/home/alfar/Desktop/amazon-store/app/controllers/callbacks_controller.rb": [
        1,
        1,
        2,
        2,
        2,
        null,
        null
      ]
    },
    "timestamp": 1428334121
  }
}
